<?xml version="1.0" encoding="UTF-8"?><testrun name="test" project="mars-rovers" tests="41" started="41" failures="2" errors="0" ignored="0">
  <testsuite name="controllerTest.PositionControllerTest" time="0.001">
    <testcase name="setRoverTest" classname="controllerTest.PositionControllerTest" time="0.0"/>
    <testcase name="moveRoverTest" classname="controllerTest.PositionControllerTest" time="0.001"/>
    <testcase name="invalidInstructionTest" classname="controllerTest.PositionControllerTest" time="0.0"/>
    <testcase name="rotateRighttRoverTest" classname="controllerTest.PositionControllerTest" time="0.0"/>
    <testcase name="createPositionControllerTest" classname="controllerTest.PositionControllerTest" time="0.0"/>
    <testcase name="rotateLeftRoverTest" classname="controllerTest.PositionControllerTest" time="0.0"/>
    <testcase name="setPlateauTest" classname="controllerTest.PositionControllerTest" time="0.0"/>
  </testsuite>
  <testsuite name="controllerTest.InputVerifierTest" time="0.003">
    <testcase name="emptyRoverTest" classname="controllerTest.InputVerifierTest" time="0.0"/>
    <testcase name="RoverTest" classname="controllerTest.InputVerifierTest" time="0.0"/>
    <testcase name="invalidInicialRoverMovementPositionTest" classname="controllerTest.InputVerifierTest" time="0.001"/>
    <testcase name="malformedPlateauTest" classname="controllerTest.InputVerifierTest" time="0.0"/>
    <testcase name="emptyPlateauTest" classname="controllerTest.InputVerifierTest" time="0.0"/>
    <testcase name="notNaturalNumberPlateauTest" classname="controllerTest.InputVerifierTest" time="0.0"/>
    <testcase name="incorrectDirectionRoverTest" classname="controllerTest.InputVerifierTest" time="0.0"/>
    <testcase name="roverMovementTest" classname="controllerTest.InputVerifierTest" time="0.001"/>
    <testcase name="outOfBorderRoverMovementInstructionTest" classname="controllerTest.InputVerifierTest" time="0.0"/>
    <testcase name="invalidPlateauDimensionsTest" classname="controllerTest.InputVerifierTest" time="0.0"/>
    <testcase name="PlateauTest" classname="controllerTest.InputVerifierTest" time="0.0"/>
    <testcase name="malformedRoverTest" classname="controllerTest.InputVerifierTest" time="0.0"/>
    <testcase name="invalidRoverMovementInstructionTest" classname="controllerTest.InputVerifierTest" time="0.0"/>
    <testcase name="notNumberPositionRoverTest" classname="controllerTest.InputVerifierTest" time="0.001"/>
  </testsuite>
  <testsuite name="domainTest.RoverTest" time="0.003">
    <testcase name="roverToStringTest" classname="domainTest.RoverTest" time="0.0"/>
    <testcase name="roverMoveSouthTest" classname="domainTest.RoverTest" time="0.0"/>
    <testcase name="roverRotateFromSouthTest" classname="domainTest.RoverTest" time="0.0"/>
    <testcase name="createRoverTest" classname="domainTest.RoverTest" time="0.0"/>
    <testcase name="roverInvalidMovementTest" classname="domainTest.RoverTest" time="0.001"/>
    <testcase name="roverRotateInvalidTest" classname="domainTest.RoverTest" time="0.0"/>
    <testcase name="roverRotateFromEastTest" classname="domainTest.RoverTest" time="0.0"/>
    <testcase name="setRoverYPositionTest" classname="domainTest.RoverTest" time="0.0"/>
    <testcase name="roverMoveNorthTest" classname="domainTest.RoverTest" time="0.0"/>
    <testcase name="roverRotateFromWestTest" classname="domainTest.RoverTest" time="0.0"/>
    <testcase name="setRoverXPositionTest" classname="domainTest.RoverTest" time="0.0"/>
    <testcase name="setRoverDirectionTest" classname="domainTest.RoverTest" time="0.0"/>
    <testcase name="roverRotateFromNorthTest" classname="domainTest.RoverTest" time="0.0"/>
    <testcase name="roverMoveEastTest" classname="domainTest.RoverTest" time="0.001"/>
    <testcase name="roverMoveWestTest" classname="domainTest.RoverTest" time="0.0"/>
  </testsuite>
  <testsuite name="controllerTest.InstructionProcessorTest" time="0.008">
    <testcase name="executeInstructionsTest" classname="controllerTest.InstructionProcessorTest" time="0.007">
      <failure>
        <expected>1 3 N</expected>
        <actual>Ok, line 6</actual>org.junit.ComparisonFailure: First rover output is not right expected:&lt;[1 3 N]&gt; but was:&lt;[Ok, line 6]&gt;&#13;
	at org.junit.Assert.assertEquals(Assert.java:115)&#13;
	at controllerTest.InstructionProcessorTest.executeInstructionsTest(InstructionProcessorTest.java:21)&#13;
	at sun.reflect.NativeMethodAccessorImpl.invoke0(Native Method)&#13;
	at sun.reflect.NativeMethodAccessorImpl.invoke(Unknown Source)&#13;
	at sun.reflect.DelegatingMethodAccessorImpl.invoke(Unknown Source)&#13;
	at java.lang.reflect.Method.invoke(Unknown Source)&#13;
	at org.junit.runners.model.FrameworkMethod$1.runReflectiveCall(FrameworkMethod.java:50)&#13;
	at org.junit.internal.runners.model.ReflectiveCallable.run(ReflectiveCallable.java:12)&#13;
	at org.junit.runners.model.FrameworkMethod.invokeExplosively(FrameworkMethod.java:47)&#13;
	at org.junit.internal.runners.statements.InvokeMethod.evaluate(InvokeMethod.java:17)&#13;
	at org.junit.runners.ParentRunner.runLeaf(ParentRunner.java:325)&#13;
	at org.junit.runners.BlockJUnit4ClassRunner.runChild(BlockJUnit4ClassRunner.java:78)&#13;
	at org.junit.runners.BlockJUnit4ClassRunner.runChild(BlockJUnit4ClassRunner.java:57)&#13;
	at org.junit.runners.ParentRunner$3.run(ParentRunner.java:290)&#13;
	at org.junit.runners.ParentRunner$1.schedule(ParentRunner.java:71)&#13;
	at org.junit.runners.ParentRunner.runChildren(ParentRunner.java:288)&#13;
	at org.junit.runners.ParentRunner.access$000(ParentRunner.java:58)&#13;
	at org.junit.runners.ParentRunner$2.evaluate(ParentRunner.java:268)&#13;
	at org.junit.runners.ParentRunner.run(ParentRunner.java:363)&#13;
	at org.eclipse.jdt.internal.junit4.runner.JUnit4TestReference.run(JUnit4TestReference.java:86)&#13;
	at org.eclipse.jdt.internal.junit.runner.TestExecution.run(TestExecution.java:38)&#13;
	at org.eclipse.jdt.internal.junit.runner.RemoteTestRunner.runTests(RemoteTestRunner.java:459)&#13;
	at org.eclipse.jdt.internal.junit.runner.RemoteTestRunner.runTests(RemoteTestRunner.java:678)&#13;
	at org.eclipse.jdt.internal.junit.runner.RemoteTestRunner.run(RemoteTestRunner.java:382)&#13;
	at org.eclipse.jdt.internal.junit.runner.RemoteTestRunner.main(RemoteTestRunner.java:192)&#13;
&#13;
</failure>
    </testcase>
    <testcase name="executeInvalidPlateauInstructionsTest" classname="controllerTest.InstructionProcessorTest" time="0.001">
      <failure>
        <expected>Incorrect plateau dimensions instructions format</expected>
        <actual>Incorrect plateau dimensions instructions format, line 1</actual>org.junit.ComparisonFailure: Error message is not right expected:&lt;... instructions format[]&gt; but was:&lt;... instructions format[, line 1]&gt;&#13;
	at org.junit.Assert.assertEquals(Assert.java:115)&#13;
	at controllerTest.InstructionProcessorTest.executeInvalidPlateauInstructionsTest(InstructionProcessorTest.java:33)&#13;
	at sun.reflect.NativeMethodAccessorImpl.invoke0(Native Method)&#13;
	at sun.reflect.NativeMethodAccessorImpl.invoke(Unknown Source)&#13;
	at sun.reflect.DelegatingMethodAccessorImpl.invoke(Unknown Source)&#13;
	at java.lang.reflect.Method.invoke(Unknown Source)&#13;
	at org.junit.runners.model.FrameworkMethod$1.runReflectiveCall(FrameworkMethod.java:50)&#13;
	at org.junit.internal.runners.model.ReflectiveCallable.run(ReflectiveCallable.java:12)&#13;
	at org.junit.runners.model.FrameworkMethod.invokeExplosively(FrameworkMethod.java:47)&#13;
	at org.junit.internal.runners.statements.InvokeMethod.evaluate(InvokeMethod.java:17)&#13;
	at org.junit.runners.ParentRunner.runLeaf(ParentRunner.java:325)&#13;
	at org.junit.runners.BlockJUnit4ClassRunner.runChild(BlockJUnit4ClassRunner.java:78)&#13;
	at org.junit.runners.BlockJUnit4ClassRunner.runChild(BlockJUnit4ClassRunner.java:57)&#13;
	at org.junit.runners.ParentRunner$3.run(ParentRunner.java:290)&#13;
	at org.junit.runners.ParentRunner$1.schedule(ParentRunner.java:71)&#13;
	at org.junit.runners.ParentRunner.runChildren(ParentRunner.java:288)&#13;
	at org.junit.runners.ParentRunner.access$000(ParentRunner.java:58)&#13;
	at org.junit.runners.ParentRunner$2.evaluate(ParentRunner.java:268)&#13;
	at org.junit.runners.ParentRunner.run(ParentRunner.java:363)&#13;
	at org.eclipse.jdt.internal.junit4.runner.JUnit4TestReference.run(JUnit4TestReference.java:86)&#13;
	at org.eclipse.jdt.internal.junit.runner.TestExecution.run(TestExecution.java:38)&#13;
	at org.eclipse.jdt.internal.junit.runner.RemoteTestRunner.runTests(RemoteTestRunner.java:459)&#13;
	at org.eclipse.jdt.internal.junit.runner.RemoteTestRunner.runTests(RemoteTestRunner.java:678)&#13;
	at org.eclipse.jdt.internal.junit.runner.RemoteTestRunner.run(RemoteTestRunner.java:382)&#13;
	at org.eclipse.jdt.internal.junit.runner.RemoteTestRunner.main(RemoteTestRunner.java:192)&#13;
&#13;
</failure>
    </testcase>
  </testsuite>
  <testsuite name="domainTest.PlateauTest" time="0.001">
    <testcase name="setPlateauHeightTest" classname="domainTest.PlateauTest" time="0.001"/>
    <testcase name="setPlateauWidthTest" classname="domainTest.PlateauTest" time="0.0"/>
    <testcase name="createPlateauTest" classname="domainTest.PlateauTest" time="0.0"/>
  </testsuite>
</testrun>
