<?xml version="1.0" encoding="UTF-8"?><testrun name="RoverTest" project="mars-rovers" tests="15" started="15" failures="1" errors="0" ignored="0">
  <testsuite name="domainTest.RoverTest" time="0.004">
    <testcase name="roverToStringTest" classname="domainTest.RoverTest" time="0.0"/>
    <testcase name="roverMoveSouthTest" classname="domainTest.RoverTest" time="0.0"/>
    <testcase name="roverRotateFromSouthTest" classname="domainTest.RoverTest" time="0.0"/>
    <testcase name="createRoverTest" classname="domainTest.RoverTest" time="0.0"/>
    <testcase name="roverInvalidMovementTest" classname="domainTest.RoverTest" time="0.0"/>
    <testcase name="roverRotateInvalidTest" classname="domainTest.RoverTest" time="0.002">
      <failure>java.lang.AssertionError: Rover direction is not right expected:&lt;78&gt; but was:&lt;87&gt;&#13;
	at org.junit.Assert.fail(Assert.java:88)&#13;
	at org.junit.Assert.failNotEquals(Assert.java:834)&#13;
	at org.junit.Assert.assertEquals(Assert.java:645)&#13;
	at domainTest.RoverTest.roverRotateInvalidTest(RoverTest.java:155)&#13;
	at sun.reflect.NativeMethodAccessorImpl.invoke0(Native Method)&#13;
	at sun.reflect.NativeMethodAccessorImpl.invoke(Unknown Source)&#13;
	at sun.reflect.DelegatingMethodAccessorImpl.invoke(Unknown Source)&#13;
	at java.lang.reflect.Method.invoke(Unknown Source)&#13;
	at org.junit.runners.model.FrameworkMethod$1.runReflectiveCall(FrameworkMethod.java:50)&#13;
	at org.junit.internal.runners.model.ReflectiveCallable.run(ReflectiveCallable.java:12)&#13;
	at org.junit.runners.model.FrameworkMethod.invokeExplosively(FrameworkMethod.java:47)&#13;
	at org.junit.internal.runners.statements.InvokeMethod.evaluate(InvokeMethod.java:17)&#13;
	at org.junit.runners.ParentRunner.runLeaf(ParentRunner.java:325)&#13;
	at org.junit.runners.BlockJUnit4ClassRunner.runChild(BlockJUnit4ClassRunner.java:78)&#13;
	at org.junit.runners.BlockJUnit4ClassRunner.runChild(BlockJUnit4ClassRunner.java:57)&#13;
	at org.junit.runners.ParentRunner$3.run(ParentRunner.java:290)&#13;
	at org.junit.runners.ParentRunner$1.schedule(ParentRunner.java:71)&#13;
	at org.junit.runners.ParentRunner.runChildren(ParentRunner.java:288)&#13;
	at org.junit.runners.ParentRunner.access$000(ParentRunner.java:58)&#13;
	at org.junit.runners.ParentRunner$2.evaluate(ParentRunner.java:268)&#13;
	at org.junit.runners.ParentRunner.run(ParentRunner.java:363)&#13;
	at org.eclipse.jdt.internal.junit4.runner.JUnit4TestReference.run(JUnit4TestReference.java:86)&#13;
	at org.eclipse.jdt.internal.junit.runner.TestExecution.run(TestExecution.java:38)&#13;
	at org.eclipse.jdt.internal.junit.runner.RemoteTestRunner.runTests(RemoteTestRunner.java:459)&#13;
	at org.eclipse.jdt.internal.junit.runner.RemoteTestRunner.runTests(RemoteTestRunner.java:678)&#13;
	at org.eclipse.jdt.internal.junit.runner.RemoteTestRunner.run(RemoteTestRunner.java:382)&#13;
	at org.eclipse.jdt.internal.junit.runner.RemoteTestRunner.main(RemoteTestRunner.java:192)&#13;
&#13;
</failure>
    </testcase>
    <testcase name="roverRotateFromEastTest" classname="domainTest.RoverTest" time="0.0"/>
    <testcase name="setRoverYPositionTest" classname="domainTest.RoverTest" time="0.0"/>
    <testcase name="roverMoveNorthTest" classname="domainTest.RoverTest" time="0.0"/>
    <testcase name="roverRotateFromWestTest" classname="domainTest.RoverTest" time="0.0"/>
    <testcase name="setRoverXPositionTest" classname="domainTest.RoverTest" time="0.0"/>
    <testcase name="setRoverDirectionTest" classname="domainTest.RoverTest" time="0.0"/>
    <testcase name="roverRotateFromNorthTest" classname="domainTest.RoverTest" time="0.0"/>
    <testcase name="roverMoveEastTest" classname="domainTest.RoverTest" time="0.0"/>
    <testcase name="roverMoveWestTest" classname="domainTest.RoverTest" time="0.001"/>
  </testsuite>
</testrun>
